2002.02.13 21:39 B D:\robertpenner_com\site\experiments\backbutton\1.html --> organicmotion.com /d:/websites/robertpennercom/experiments/backbutton 1.html
2002.02.13 21:39 B D:\robertpenner_com\site\experiments\backbutton\2.html --> organicmotion.com /d:/websites/robertpennercom/experiments/backbutton 2.html
2002.02.13 21:39 B D:\robertpenner_com\site\experiments\backbutton\3.html --> organicmotion.com /d:/websites/robertpennercom/experiments/backbutton 3.html
2002.02.13 21:39 B D:\robertpenner_com\site\experiments\backbutton\4.html --> organicmotion.com /d:/websites/robertpennercom/experiments/backbutton 4.html
2002.02.13 21:39 B D:\robertpenner_com\site\experiments\backbutton\5.html --> organicmotion.com /d:/websites/robertpennercom/experiments/backbutton 5.html
2002.02.13 21:39 B D:\robertpenner_com\site\experiments\backbutton\backbutton.fla --> organicmotion.com /d:/websites/robertpennercom/experiments/backbutton backbutton.fla
2002.02.13 21:39 B D:\robertpenner_com\site\experiments\backbutton\backbutton.html --> organicmotion.com /d:/websites/robertpennercom/experiments/backbutton backbutton.html
2002.02.13 21:40 B D:\robertpenner_com\site\experiments\backbutton\backbutton.swf --> organicmotion.com /d:/websites/robertpennercom/experiments/backbutton backbutton.swf
2002.02.13 21:40 B D:\robertpenner_com\site\experiments\backbutton\backbutton2.fla --> organicmotion.com /d:/websites/robertpennercom/experiments/backbutton backbutton2.fla
2002.02.13 21:40 B D:\robertpenner_com\site\experiments\backbutton\backbutton_code.html --> organicmotion.com /d:/websites/robertpennercom/experiments/backbutton backbutton_code.html
2002.02.13 21:40 B D:\robertpenner_com\site\experiments\backbutton\flashpage.html --> organicmotion.com /d:/websites/robertpennercom/experiments/backbutton flashpage.html
2002.02.13 22:26 B D:\robertpenner_com\site\experiments\backbutton\1.html --> organicmotion.com /d:/websites/organicmotioncom/experiments/backbutton 1.html
2002.02.13 22:26 B D:\robertpenner_com\site\experiments\backbutton\2.html --> organicmotion.com /d:/websites/organicmotioncom/experiments/backbutton 2.html
2002.02.13 22:26 B D:\robertpenner_com\site\experiments\backbutton\3.html --> organicmotion.com /d:/websites/organicmotioncom/experiments/backbutton 3.html
2002.02.13 22:26 B D:\robertpenner_com\site\experiments\backbutton\4.html --> organicmotion.com /d:/websites/organicmotioncom/experiments/backbutton 4.html
2002.02.13 22:26 B D:\robertpenner_com\site\experiments\backbutton\5.html --> organicmotion.com /d:/websites/organicmotioncom/experiments/backbutton 5.html
2002.02.13 22:26 B D:\robertpenner_com\site\experiments\backbutton\backbutton.fla --> organicmotion.com /d:/websites/organicmotioncom/experiments/backbutton backbutton.fla
2002.02.13 22:26 B D:\robertpenner_com\site\experiments\backbutton\backbutton.html --> organicmotion.com /d:/websites/organicmotioncom/experiments/backbutton backbutton.html
2002.02.13 22:26 B D:\robertpenner_com\site\experiments\backbutton\backbutton.swf --> organicmotion.com /d:/websites/organicmotioncom/experiments/backbutton backbutton.swf
2002.02.13 22:26 B D:\robertpenner_com\site\experiments\backbutton\backbutton2.fla --> organicmotion.com /d:/websites/organicmotioncom/experiments/backbutton backbutton2.fla
2002.02.13 22:26 B D:\robertpenner_com\site\experiments\backbutton\backbutton_code.html --> organicmotion.com /d:/websites/organicmotioncom/experiments/backbutton backbutton_code.html
2002.02.13 22:26 B D:\robertpenner_com\site\experiments\backbutton\flashpage.html --> organicmotion.com /d:/websites/organicmotioncom/experiments/backbutton flashpage.html
2002.02.13 22:26 B D:\robertpenner_com\site\experiments\backbutton\WS_FTP.LOG --> organicmotion.com /d:/websites/organicmotioncom/experiments/backbutton WS_FTP.LOG
